<?xml version="1.0" encoding="UTF-8"?>
<testsuite hostname="Joerns-MacBook-Air.local" name="com.yahoo.ycsb.db.ElasticSearchClientTest" tests="5" failures="0" timestamp="12 Jun 2014 12:09:58 GMT" time="4.005" errors="0">
  <testcase name="testDelete" time="0.005" classname="com.yahoo.ycsb.db.ElasticSearchClientTest"/>
  <testcase name="testInsert" time="0.003" classname="com.yahoo.ycsb.db.ElasticSearchClientTest"/>
  <testcase name="testRead" time="0.012" classname="com.yahoo.ycsb.db.ElasticSearchClientTest"/>
  <testcase name="testScan" time="0.077" classname="com.yahoo.ycsb.db.ElasticSearchClientTest"/>
  <testcase name="testUpdate" time="0.004" classname="com.yahoo.ycsb.db.ElasticSearchClientTest"/>
</testsuite>
