<?xml version="1.0" encoding="UTF-8"?>
<testng-results skipped="0" failed="0" total="5" passed="5">
  <reporter-output>
  </reporter-output>
  <suite name="com.yahoo.ycsb.db.ElasticSearchClientTest" duration-ms="4005" started-at="2014-06-12T14:09:54Z" finished-at="2014-06-12T14:09:58Z">
    <groups>
    </groups>
    <test name="Command line test" duration-ms="4005" started-at="2014-06-12T14:09:54Z" finished-at="2014-06-12T14:09:58Z">
      <class name="com.yahoo.ycsb.db.ElasticSearchClientTest">
        <test-method status="PASS" signature="setUpClass()" name="setUpClass" is-config="true" duration-ms="3554" started-at="2014-06-12T14:09:54Z" finished-at="2014-06-12T14:09:58Z">
        </test-method>
        <test-method status="PASS" signature="setUp()" name="setUp" is-config="true" duration-ms="273" started-at="2014-06-12T14:09:58Z" finished-at="2014-06-12T14:09:58Z">
        </test-method>
        <test-method status="PASS" signature="testDelete()" name="testDelete" duration-ms="5" started-at="2014-06-12T14:09:58Z" finished-at="2014-06-12T14:09:58Z">
        </test-method>
        <test-method status="PASS" signature="tearDown()" name="tearDown" is-config="true" duration-ms="1" started-at="2014-06-12T14:09:58Z" finished-at="2014-06-12T14:09:58Z">
        </test-method>
        <test-method status="PASS" signature="setUp()" name="setUp" is-config="true" duration-ms="4" started-at="2014-06-12T14:09:58Z" finished-at="2014-06-12T14:09:58Z">
        </test-method>
        <test-method status="PASS" signature="testInsert()" name="testInsert" duration-ms="3" started-at="2014-06-12T14:09:58Z" finished-at="2014-06-12T14:09:58Z">
        </test-method>
        <test-method status="PASS" signature="tearDown()" name="tearDown" is-config="true" duration-ms="1" started-at="2014-06-12T14:09:58Z" finished-at="2014-06-12T14:09:58Z">
        </test-method>
        <test-method status="PASS" signature="setUp()" name="setUp" is-config="true" duration-ms="3" started-at="2014-06-12T14:09:58Z" finished-at="2014-06-12T14:09:58Z">
        </test-method>
        <test-method status="PASS" signature="testRead()" name="testRead" duration-ms="12" started-at="2014-06-12T14:09:58Z" finished-at="2014-06-12T14:09:58Z">
        </test-method>
        <test-method status="PASS" signature="tearDown()" name="tearDown" is-config="true" duration-ms="1" started-at="2014-06-12T14:09:58Z" finished-at="2014-06-12T14:09:58Z">
        </test-method>
        <test-method status="PASS" signature="setUp()" name="setUp" is-config="true" duration-ms="4" started-at="2014-06-12T14:09:58Z" finished-at="2014-06-12T14:09:58Z">
        </test-method>
        <test-method status="PASS" signature="testScan()" name="testScan" duration-ms="77" started-at="2014-06-12T14:09:58Z" finished-at="2014-06-12T14:09:58Z">
        </test-method>
        <test-method status="PASS" signature="tearDown()" name="tearDown" is-config="true" duration-ms="1" started-at="2014-06-12T14:09:58Z" finished-at="2014-06-12T14:09:58Z">
        </test-method>
        <test-method status="PASS" signature="setUp()" name="setUp" is-config="true" duration-ms="4" started-at="2014-06-12T14:09:58Z" finished-at="2014-06-12T14:09:58Z">
        </test-method>
        <test-method status="PASS" signature="testUpdate()" name="testUpdate" duration-ms="4" started-at="2014-06-12T14:09:58Z" finished-at="2014-06-12T14:09:58Z">
        </test-method>
        <test-method status="PASS" signature="tearDown()" name="tearDown" is-config="true" duration-ms="1" started-at="2014-06-12T14:09:58Z" finished-at="2014-06-12T14:09:58Z">
        </test-method>
        <test-method status="PASS" signature="tearDownClass()" name="tearDownClass" is-config="true" duration-ms="39" started-at="2014-06-12T14:09:58Z" finished-at="2014-06-12T14:09:58Z">
        </test-method>
      </class>
    </test>
  </suite>
</testng-results>
